[2024-11-14 22:37:47] local.ERROR: include(C:\Users\FAMILY PC\Documents\GitHub\E-docs\vendor\composer/../symfony/http-foundation/Request.php): Failed to open stream: No such file or directory {"exception":"[object] (ErrorException(code: 0): include(C:\\Users\\FAMILY PC\\Documents\\GitHub\\E-docs\\vendor\\composer/../symfony/http-foundation/Request.php): Failed to open stream: No such file or directory at C:\\Users\\FAMILY PC\\Documents\\GitHub\\E-docs\\vendor\\composer\\ClassLoader.php:576)
[stacktrace]
#0 C:\\Users\\FAMILY PC\\Documents\\GitHub\\E-docs\\vendor\\laravel\\framework\\src\\Illuminate\\Foundation\\Bootstrap\\HandleExceptions.php(255): Illuminate\\Foundation\\Bootstrap\\HandleExceptions->handleError(2, 'include(C:\\\\User...', 'C:\\\\Users\\\\FAMILY...', 576)
#1 C:\\Users\\FAMILY PC\\Documents\\GitHub\\E-docs\\vendor\\composer\\ClassLoader.php(576): Illuminate\\Foundation\\Bootstrap\\HandleExceptions->Illuminate\\Foundation\\Bootstrap\\{closure}(2, 'include(C:\\\\User...', 'C:\\\\Users\\\\FAMILY...', 576)
#2 C:\\Users\\FAMILY PC\\Documents\\GitHub\\E-docs\\vendor\\composer\\ClassLoader.php(576): include('C:\\\\Users\\\\FAMILY...')
#3 C:\\Users\\FAMILY PC\\Documents\\GitHub\\E-docs\\vendor\\composer\\ClassLoader.php(427): Composer\\Autoload\\{closure}('C:\\\\Users\\\\FAMILY...')
#4 C:\\Users\\FAMILY PC\\Documents\\GitHub\\E-docs\\vendor\\laravel\\framework\\src\\Illuminate\\Http\\Request.php(23): Composer\\Autoload\\ClassLoader->loadClass('Symfony\\\\Compone...')
#5 C:\\Users\\FAMILY PC\\Documents\\GitHub\\E-docs\\vendor\\composer\\ClassLoader.php(576): include('C:\\\\Users\\\\FAMILY...')
#6 C:\\Users\\FAMILY PC\\Documents\\GitHub\\E-docs\\vendor\\composer\\ClassLoader.php(427): Composer\\Autoload\\{closure}('C:\\\\Users\\\\FAMILY...')
#7 C:\\Users\\FAMILY PC\\Documents\\GitHub\\E-docs\\vendor\\laravel\\framework\\src\\Illuminate\\Foundation\\Bootstrap\\SetRequestForConsole.php(31): Composer\\Autoload\\ClassLoader->loadClass('Illuminate\\\\Http...')
#8 C:\\Users\\FAMILY PC\\Documents\\GitHub\\E-docs\\vendor\\laravel\\framework\\src\\Illuminate\\Foundation\\Application.php(263): Illuminate\\Foundation\\Bootstrap\\SetRequestForConsole->bootstrap(Object(Illuminate\\Foundation\\Application))
#9 C:\\Users\\FAMILY PC\\Documents\\GitHub\\E-docs\\vendor\\laravel\\framework\\src\\Illuminate\\Foundation\\Console\\Kernel.php(447): Illuminate\\Foundation\\Application->bootstrapWith(Array)
#10 C:\\Users\\FAMILY PC\\Documents\\GitHub\\E-docs\\vendor\\laravel\\framework\\src\\Illuminate\\Foundation\\Console\\Kernel.php(199): Illuminate\\Foundation\\Console\\Kernel->bootstrap()
#11 Command line code(1): Illuminate\\Foundation\\Console\\Kernel->handle(Object(Symfony\\Component\\Console\\Input\\ArgvInput), Object(Symfony\\Component\\Console\\Output\\ConsoleOutput))
#12 {main}
"} 
[2024-11-14 22:37:53] local.ERROR: include(C:\Users\FAMILY PC\Documents\GitHub\E-docs\vendor\composer/../symfony/http-foundation/Request.php): Failed to open stream: No such file or directory {"exception":"[object] (ErrorException(code: 0): include(C:\\Users\\FAMILY PC\\Documents\\GitHub\\E-docs\\vendor\\composer/../symfony/http-foundation/Request.php): Failed to open stream: No such file or directory at C:\\Users\\FAMILY PC\\Documents\\GitHub\\E-docs\\vendor\\composer\\ClassLoader.php:576)
[stacktrace]
#0 C:\\Users\\FAMILY PC\\Documents\\GitHub\\E-docs\\vendor\\laravel\\framework\\src\\Illuminate\\Foundation\\Bootstrap\\HandleExceptions.php(255): Illuminate\\Foundation\\Bootstrap\\HandleExceptions->handleError(2, 'include(C:\\\\User...', 'C:\\\\Users\\\\FAMILY...', 576)
#1 C:\\Users\\FAMILY PC\\Documents\\GitHub\\E-docs\\vendor\\composer\\ClassLoader.php(576): Illuminate\\Foundation\\Bootstrap\\HandleExceptions->Illuminate\\Foundation\\Bootstrap\\{closure}(2, 'include(C:\\\\User...', 'C:\\\\Users\\\\FAMILY...', 576)
#2 C:\\Users\\FAMILY PC\\Documents\\GitHub\\E-docs\\vendor\\composer\\ClassLoader.php(576): include('C:\\\\Users\\\\FAMILY...')
#3 C:\\Users\\FAMILY PC\\Documents\\GitHub\\E-docs\\vendor\\composer\\ClassLoader.php(427): Composer\\Autoload\\{closure}('C:\\\\Users\\\\FAMILY...')
#4 C:\\Users\\FAMILY PC\\Documents\\GitHub\\E-docs\\vendor\\laravel\\framework\\src\\Illuminate\\Http\\Request.php(23): Composer\\Autoload\\ClassLoader->loadClass('Symfony\\\\Compone...')
#5 C:\\Users\\FAMILY PC\\Documents\\GitHub\\E-docs\\vendor\\composer\\ClassLoader.php(576): include('C:\\\\Users\\\\FAMILY...')
#6 C:\\Users\\FAMILY PC\\Documents\\GitHub\\E-docs\\vendor\\composer\\ClassLoader.php(427): Composer\\Autoload\\{closure}('C:\\\\Users\\\\FAMILY...')
#7 C:\\Users\\FAMILY PC\\Documents\\GitHub\\E-docs\\vendor\\laravel\\framework\\src\\Illuminate\\Foundation\\Bootstrap\\SetRequestForConsole.php(31): Composer\\Autoload\\ClassLoader->loadClass('Illuminate\\\\Http...')
#8 C:\\Users\\FAMILY PC\\Documents\\GitHub\\E-docs\\vendor\\laravel\\framework\\src\\Illuminate\\Foundation\\Application.php(263): Illuminate\\Foundation\\Bootstrap\\SetRequestForConsole->bootstrap(Object(Illuminate\\Foundation\\Application))
#9 C:\\Users\\FAMILY PC\\Documents\\GitHub\\E-docs\\vendor\\laravel\\framework\\src\\Illuminate\\Foundation\\Console\\Kernel.php(447): Illuminate\\Foundation\\Application->bootstrapWith(Array)
#10 C:\\Users\\FAMILY PC\\Documents\\GitHub\\E-docs\\vendor\\laravel\\framework\\src\\Illuminate\\Foundation\\Console\\Kernel.php(199): Illuminate\\Foundation\\Console\\Kernel->bootstrap()
#11 Command line code(1): Illuminate\\Foundation\\Console\\Kernel->handle(Object(Symfony\\Component\\Console\\Input\\ArgvInput), Object(Symfony\\Component\\Console\\Output\\ConsoleOutput))
#12 {main}
"} 
[2024-11-14 22:37:58] local.ERROR: include(C:\Users\FAMILY PC\Documents\GitHub\E-docs\vendor\composer/../symfony/http-foundation/Request.php): Failed to open stream: No such file or directory {"exception":"[object] (ErrorException(code: 0): include(C:\\Users\\FAMILY PC\\Documents\\GitHub\\E-docs\\vendor\\composer/../symfony/http-foundation/Request.php): Failed to open stream: No such file or directory at C:\\Users\\FAMILY PC\\Documents\\GitHub\\E-docs\\vendor\\composer\\ClassLoader.php:576)
[stacktrace]
#0 C:\\Users\\FAMILY PC\\Documents\\GitHub\\E-docs\\vendor\\laravel\\framework\\src\\Illuminate\\Foundation\\Bootstrap\\HandleExceptions.php(255): Illuminate\\Foundation\\Bootstrap\\HandleExceptions->handleError(2, 'include(C:\\\\User...', 'C:\\\\Users\\\\FAMILY...', 576)
#1 C:\\Users\\FAMILY PC\\Documents\\GitHub\\E-docs\\vendor\\composer\\ClassLoader.php(576): Illuminate\\Foundation\\Bootstrap\\HandleExceptions->Illuminate\\Foundation\\Bootstrap\\{closure}(2, 'include(C:\\\\User...', 'C:\\\\Users\\\\FAMILY...', 576)
#2 C:\\Users\\FAMILY PC\\Documents\\GitHub\\E-docs\\vendor\\composer\\ClassLoader.php(576): include('C:\\\\Users\\\\FAMILY...')
#3 C:\\Users\\FAMILY PC\\Documents\\GitHub\\E-docs\\vendor\\composer\\ClassLoader.php(427): Composer\\Autoload\\{closure}('C:\\\\Users\\\\FAMILY...')
#4 C:\\Users\\FAMILY PC\\Documents\\GitHub\\E-docs\\vendor\\laravel\\framework\\src\\Illuminate\\Http\\Request.php(23): Composer\\Autoload\\ClassLoader->loadClass('Symfony\\\\Compone...')
#5 C:\\Users\\FAMILY PC\\Documents\\GitHub\\E-docs\\vendor\\composer\\ClassLoader.php(576): include('C:\\\\Users\\\\FAMILY...')
#6 C:\\Users\\FAMILY PC\\Documents\\GitHub\\E-docs\\vendor\\composer\\ClassLoader.php(427): Composer\\Autoload\\{closure}('C:\\\\Users\\\\FAMILY...')
#7 C:\\Users\\FAMILY PC\\Documents\\GitHub\\E-docs\\vendor\\laravel\\framework\\src\\Illuminate\\Foundation\\Bootstrap\\SetRequestForConsole.php(31): Composer\\Autoload\\ClassLoader->loadClass('Illuminate\\\\Http...')
#8 C:\\Users\\FAMILY PC\\Documents\\GitHub\\E-docs\\vendor\\laravel\\framework\\src\\Illuminate\\Foundation\\Application.php(263): Illuminate\\Foundation\\Bootstrap\\SetRequestForConsole->bootstrap(Object(Illuminate\\Foundation\\Application))
#9 C:\\Users\\FAMILY PC\\Documents\\GitHub\\E-docs\\vendor\\laravel\\framework\\src\\Illuminate\\Foundation\\Console\\Kernel.php(447): Illuminate\\Foundation\\Application->bootstrapWith(Array)
#10 C:\\Users\\FAMILY PC\\Documents\\GitHub\\E-docs\\vendor\\laravel\\framework\\src\\Illuminate\\Foundation\\Console\\Kernel.php(199): Illuminate\\Foundation\\Console\\Kernel->bootstrap()
#11 Command line code(1): Illuminate\\Foundation\\Console\\Kernel->handle(Object(Symfony\\Component\\Console\\Input\\ArgvInput), Object(Symfony\\Component\\Console\\Output\\ConsoleOutput))
#12 {main}
"} 
[2024-11-14 22:38:02] local.ERROR: include(C:\Users\FAMILY PC\Documents\GitHub\E-docs\vendor\composer/../symfony/http-foundation/Request.php): Failed to open stream: No such file or directory {"exception":"[object] (ErrorException(code: 0): include(C:\\Users\\FAMILY PC\\Documents\\GitHub\\E-docs\\vendor\\composer/../symfony/http-foundation/Request.php): Failed to open stream: No such file or directory at C:\\Users\\FAMILY PC\\Documents\\GitHub\\E-docs\\vendor\\composer\\ClassLoader.php:576)
[stacktrace]
#0 C:\\Users\\FAMILY PC\\Documents\\GitHub\\E-docs\\vendor\\laravel\\framework\\src\\Illuminate\\Foundation\\Bootstrap\\HandleExceptions.php(255): Illuminate\\Foundation\\Bootstrap\\HandleExceptions->handleError(2, 'include(C:\\\\User...', 'C:\\\\Users\\\\FAMILY...', 576)
#1 C:\\Users\\FAMILY PC\\Documents\\GitHub\\E-docs\\vendor\\composer\\ClassLoader.php(576): Illuminate\\Foundation\\Bootstrap\\HandleExceptions->Illuminate\\Foundation\\Bootstrap\\{closure}(2, 'include(C:\\\\User...', 'C:\\\\Users\\\\FAMILY...', 576)
#2 C:\\Users\\FAMILY PC\\Documents\\GitHub\\E-docs\\vendor\\composer\\ClassLoader.php(576): include('C:\\\\Users\\\\FAMILY...')
#3 C:\\Users\\FAMILY PC\\Documents\\GitHub\\E-docs\\vendor\\composer\\ClassLoader.php(427): Composer\\Autoload\\{closure}('C:\\\\Users\\\\FAMILY...')
#4 C:\\Users\\FAMILY PC\\Documents\\GitHub\\E-docs\\vendor\\laravel\\framework\\src\\Illuminate\\Http\\Request.php(23): Composer\\Autoload\\ClassLoader->loadClass('Symfony\\\\Compone...')
#5 C:\\Users\\FAMILY PC\\Documents\\GitHub\\E-docs\\vendor\\composer\\ClassLoader.php(576): include('C:\\\\Users\\\\FAMILY...')
#6 C:\\Users\\FAMILY PC\\Documents\\GitHub\\E-docs\\vendor\\composer\\ClassLoader.php(427): Composer\\Autoload\\{closure}('C:\\\\Users\\\\FAMILY...')
#7 C:\\Users\\FAMILY PC\\Documents\\GitHub\\E-docs\\vendor\\laravel\\framework\\src\\Illuminate\\Foundation\\Bootstrap\\SetRequestForConsole.php(31): Composer\\Autoload\\ClassLoader->loadClass('Illuminate\\\\Http...')
#8 C:\\Users\\FAMILY PC\\Documents\\GitHub\\E-docs\\vendor\\laravel\\framework\\src\\Illuminate\\Foundation\\Application.php(263): Illuminate\\Foundation\\Bootstrap\\SetRequestForConsole->bootstrap(Object(Illuminate\\Foundation\\Application))
#9 C:\\Users\\FAMILY PC\\Documents\\GitHub\\E-docs\\vendor\\laravel\\framework\\src\\Illuminate\\Foundation\\Console\\Kernel.php(447): Illuminate\\Foundation\\Application->bootstrapWith(Array)
#10 C:\\Users\\FAMILY PC\\Documents\\GitHub\\E-docs\\vendor\\laravel\\framework\\src\\Illuminate\\Foundation\\Console\\Kernel.php(199): Illuminate\\Foundation\\Console\\Kernel->bootstrap()
#11 Command line code(1): Illuminate\\Foundation\\Console\\Kernel->handle(Object(Symfony\\Component\\Console\\Input\\ArgvInput), Object(Symfony\\Component\\Console\\Output\\ConsoleOutput))
#12 {main}
"} 
[2024-11-14 22:38:07] local.ERROR: include(C:\Users\FAMILY PC\Documents\GitHub\E-docs\vendor\composer/../symfony/http-foundation/Request.php): Failed to open stream: No such file or directory {"exception":"[object] (ErrorException(code: 0): include(C:\\Users\\FAMILY PC\\Documents\\GitHub\\E-docs\\vendor\\composer/../symfony/http-foundation/Request.php): Failed to open stream: No such file or directory at C:\\Users\\FAMILY PC\\Documents\\GitHub\\E-docs\\vendor\\composer\\ClassLoader.php:576)
[stacktrace]
#0 C:\\Users\\FAMILY PC\\Documents\\GitHub\\E-docs\\vendor\\laravel\\framework\\src\\Illuminate\\Foundation\\Bootstrap\\HandleExceptions.php(255): Illuminate\\Foundation\\Bootstrap\\HandleExceptions->handleError(2, 'include(C:\\\\User...', 'C:\\\\Users\\\\FAMILY...', 576)
#1 C:\\Users\\FAMILY PC\\Documents\\GitHub\\E-docs\\vendor\\composer\\ClassLoader.php(576): Illuminate\\Foundation\\Bootstrap\\HandleExceptions->Illuminate\\Foundation\\Bootstrap\\{closure}(2, 'include(C:\\\\User...', 'C:\\\\Users\\\\FAMILY...', 576)
#2 C:\\Users\\FAMILY PC\\Documents\\GitHub\\E-docs\\vendor\\composer\\ClassLoader.php(576): include('C:\\\\Users\\\\FAMILY...')
#3 C:\\Users\\FAMILY PC\\Documents\\GitHub\\E-docs\\vendor\\composer\\ClassLoader.php(427): Composer\\Autoload\\{closure}('C:\\\\Users\\\\FAMILY...')
#4 C:\\Users\\FAMILY PC\\Documents\\GitHub\\E-docs\\vendor\\laravel\\framework\\src\\Illuminate\\Http\\Request.php(23): Composer\\Autoload\\ClassLoader->loadClass('Symfony\\\\Compone...')
#5 C:\\Users\\FAMILY PC\\Documents\\GitHub\\E-docs\\vendor\\composer\\ClassLoader.php(576): include('C:\\\\Users\\\\FAMILY...')
#6 C:\\Users\\FAMILY PC\\Documents\\GitHub\\E-docs\\vendor\\composer\\ClassLoader.php(427): Composer\\Autoload\\{closure}('C:\\\\Users\\\\FAMILY...')
#7 C:\\Users\\FAMILY PC\\Documents\\GitHub\\E-docs\\vendor\\laravel\\framework\\src\\Illuminate\\Foundation\\Bootstrap\\SetRequestForConsole.php(31): Composer\\Autoload\\ClassLoader->loadClass('Illuminate\\\\Http...')
#8 C:\\Users\\FAMILY PC\\Documents\\GitHub\\E-docs\\vendor\\laravel\\framework\\src\\Illuminate\\Foundation\\Application.php(263): Illuminate\\Foundation\\Bootstrap\\SetRequestForConsole->bootstrap(Object(Illuminate\\Foundation\\Application))
#9 C:\\Users\\FAMILY PC\\Documents\\GitHub\\E-docs\\vendor\\laravel\\framework\\src\\Illuminate\\Foundation\\Console\\Kernel.php(447): Illuminate\\Foundation\\Application->bootstrapWith(Array)
#10 C:\\Users\\FAMILY PC\\Documents\\GitHub\\E-docs\\vendor\\laravel\\framework\\src\\Illuminate\\Foundation\\Console\\Kernel.php(199): Illuminate\\Foundation\\Console\\Kernel->bootstrap()
#11 Command line code(1): Illuminate\\Foundation\\Console\\Kernel->handle(Object(Symfony\\Component\\Console\\Input\\ArgvInput), Object(Symfony\\Component\\Console\\Output\\ConsoleOutput))
#12 {main}
"} 
[2024-11-14 22:38:12] local.ERROR: include(C:\Users\FAMILY PC\Documents\GitHub\E-docs\vendor\composer/../symfony/http-foundation/Request.php): Failed to open stream: No such file or directory {"exception":"[object] (ErrorException(code: 0): include(C:\\Users\\FAMILY PC\\Documents\\GitHub\\E-docs\\vendor\\composer/../symfony/http-foundation/Request.php): Failed to open stream: No such file or directory at C:\\Users\\FAMILY PC\\Documents\\GitHub\\E-docs\\vendor\\composer\\ClassLoader.php:576)
[stacktrace]
#0 C:\\Users\\FAMILY PC\\Documents\\GitHub\\E-docs\\vendor\\laravel\\framework\\src\\Illuminate\\Foundation\\Bootstrap\\HandleExceptions.php(255): Illuminate\\Foundation\\Bootstrap\\HandleExceptions->handleError(2, 'include(C:\\\\User...', 'C:\\\\Users\\\\FAMILY...', 576)
#1 C:\\Users\\FAMILY PC\\Documents\\GitHub\\E-docs\\vendor\\composer\\ClassLoader.php(576): Illuminate\\Foundation\\Bootstrap\\HandleExceptions->Illuminate\\Foundation\\Bootstrap\\{closure}(2, 'include(C:\\\\User...', 'C:\\\\Users\\\\FAMILY...', 576)
#2 C:\\Users\\FAMILY PC\\Documents\\GitHub\\E-docs\\vendor\\composer\\ClassLoader.php(576): include('C:\\\\Users\\\\FAMILY...')
#3 C:\\Users\\FAMILY PC\\Documents\\GitHub\\E-docs\\vendor\\composer\\ClassLoader.php(427): Composer\\Autoload\\{closure}('C:\\\\Users\\\\FAMILY...')
#4 C:\\Users\\FAMILY PC\\Documents\\GitHub\\E-docs\\vendor\\laravel\\framework\\src\\Illuminate\\Http\\Request.php(23): Composer\\Autoload\\ClassLoader->loadClass('Symfony\\\\Compone...')
#5 C:\\Users\\FAMILY PC\\Documents\\GitHub\\E-docs\\vendor\\composer\\ClassLoader.php(576): include('C:\\\\Users\\\\FAMILY...')
#6 C:\\Users\\FAMILY PC\\Documents\\GitHub\\E-docs\\vendor\\composer\\ClassLoader.php(427): Composer\\Autoload\\{closure}('C:\\\\Users\\\\FAMILY...')
#7 C:\\Users\\FAMILY PC\\Documents\\GitHub\\E-docs\\vendor\\laravel\\framework\\src\\Illuminate\\Foundation\\Bootstrap\\SetRequestForConsole.php(31): Composer\\Autoload\\ClassLoader->loadClass('Illuminate\\\\Http...')
#8 C:\\Users\\FAMILY PC\\Documents\\GitHub\\E-docs\\vendor\\laravel\\framework\\src\\Illuminate\\Foundation\\Application.php(263): Illuminate\\Foundation\\Bootstrap\\SetRequestForConsole->bootstrap(Object(Illuminate\\Foundation\\Application))
#9 C:\\Users\\FAMILY PC\\Documents\\GitHub\\E-docs\\vendor\\laravel\\framework\\src\\Illuminate\\Foundation\\Console\\Kernel.php(447): Illuminate\\Foundation\\Application->bootstrapWith(Array)
#10 C:\\Users\\FAMILY PC\\Documents\\GitHub\\E-docs\\vendor\\laravel\\framework\\src\\Illuminate\\Foundation\\Console\\Kernel.php(199): Illuminate\\Foundation\\Console\\Kernel->bootstrap()
#11 Command line code(1): Illuminate\\Foundation\\Console\\Kernel->handle(Object(Symfony\\Component\\Console\\Input\\ArgvInput), Object(Symfony\\Component\\Console\\Output\\ConsoleOutput))
#12 {main}
"} 
[2024-11-14 22:38:18] local.ERROR: include(C:\Users\FAMILY PC\Documents\GitHub\E-docs\vendor\composer/../symfony/http-foundation/Request.php): Failed to open stream: No such file or directory {"exception":"[object] (ErrorException(code: 0): include(C:\\Users\\FAMILY PC\\Documents\\GitHub\\E-docs\\vendor\\composer/../symfony/http-foundation/Request.php): Failed to open stream: No such file or directory at C:\\Users\\FAMILY PC\\Documents\\GitHub\\E-docs\\vendor\\composer\\ClassLoader.php:576)
[stacktrace]
#0 C:\\Users\\FAMILY PC\\Documents\\GitHub\\E-docs\\vendor\\laravel\\framework\\src\\Illuminate\\Foundation\\Bootstrap\\HandleExceptions.php(255): Illuminate\\Foundation\\Bootstrap\\HandleExceptions->handleError(2, 'include(C:\\\\User...', 'C:\\\\Users\\\\FAMILY...', 576)
#1 C:\\Users\\FAMILY PC\\Documents\\GitHub\\E-docs\\vendor\\composer\\ClassLoader.php(576): Illuminate\\Foundation\\Bootstrap\\HandleExceptions->Illuminate\\Foundation\\Bootstrap\\{closure}(2, 'include(C:\\\\User...', 'C:\\\\Users\\\\FAMILY...', 576)
#2 C:\\Users\\FAMILY PC\\Documents\\GitHub\\E-docs\\vendor\\composer\\ClassLoader.php(576): include('C:\\\\Users\\\\FAMILY...')
#3 C:\\Users\\FAMILY PC\\Documents\\GitHub\\E-docs\\vendor\\composer\\ClassLoader.php(427): Composer\\Autoload\\{closure}('C:\\\\Users\\\\FAMILY...')
#4 C:\\Users\\FAMILY PC\\Documents\\GitHub\\E-docs\\vendor\\laravel\\framework\\src\\Illuminate\\Http\\Request.php(23): Composer\\Autoload\\ClassLoader->loadClass('Symfony\\\\Compone...')
#5 C:\\Users\\FAMILY PC\\Documents\\GitHub\\E-docs\\vendor\\composer\\ClassLoader.php(576): include('C:\\\\Users\\\\FAMILY...')
#6 C:\\Users\\FAMILY PC\\Documents\\GitHub\\E-docs\\vendor\\composer\\ClassLoader.php(427): Composer\\Autoload\\{closure}('C:\\\\Users\\\\FAMILY...')
#7 C:\\Users\\FAMILY PC\\Documents\\GitHub\\E-docs\\vendor\\laravel\\framework\\src\\Illuminate\\Foundation\\Bootstrap\\SetRequestForConsole.php(31): Composer\\Autoload\\ClassLoader->loadClass('Illuminate\\\\Http...')
#8 C:\\Users\\FAMILY PC\\Documents\\GitHub\\E-docs\\vendor\\laravel\\framework\\src\\Illuminate\\Foundation\\Application.php(263): Illuminate\\Foundation\\Bootstrap\\SetRequestForConsole->bootstrap(Object(Illuminate\\Foundation\\Application))
#9 C:\\Users\\FAMILY PC\\Documents\\GitHub\\E-docs\\vendor\\laravel\\framework\\src\\Illuminate\\Foundation\\Console\\Kernel.php(447): Illuminate\\Foundation\\Application->bootstrapWith(Array)
#10 C:\\Users\\FAMILY PC\\Documents\\GitHub\\E-docs\\vendor\\laravel\\framework\\src\\Illuminate\\Foundation\\Console\\Kernel.php(199): Illuminate\\Foundation\\Console\\Kernel->bootstrap()
#11 Command line code(1): Illuminate\\Foundation\\Console\\Kernel->handle(Object(Symfony\\Component\\Console\\Input\\ArgvInput), Object(Symfony\\Component\\Console\\Output\\ConsoleOutput))
#12 {main}
"} 
[2024-11-14 22:38:22] local.ERROR: include(C:\Users\FAMILY PC\Documents\GitHub\E-docs\vendor\composer/../symfony/http-foundation/Request.php): Failed to open stream: No such file or directory {"exception":"[object] (ErrorException(code: 0): include(C:\\Users\\FAMILY PC\\Documents\\GitHub\\E-docs\\vendor\\composer/../symfony/http-foundation/Request.php): Failed to open stream: No such file or directory at C:\\Users\\FAMILY PC\\Documents\\GitHub\\E-docs\\vendor\\composer\\ClassLoader.php:576)
[stacktrace]
#0 C:\\Users\\FAMILY PC\\Documents\\GitHub\\E-docs\\vendor\\laravel\\framework\\src\\Illuminate\\Foundation\\Bootstrap\\HandleExceptions.php(255): Illuminate\\Foundation\\Bootstrap\\HandleExceptions->handleError(2, 'include(C:\\\\User...', 'C:\\\\Users\\\\FAMILY...', 576)
#1 C:\\Users\\FAMILY PC\\Documents\\GitHub\\E-docs\\vendor\\composer\\ClassLoader.php(576): Illuminate\\Foundation\\Bootstrap\\HandleExceptions->Illuminate\\Foundation\\Bootstrap\\{closure}(2, 'include(C:\\\\User...', 'C:\\\\Users\\\\FAMILY...', 576)
#2 C:\\Users\\FAMILY PC\\Documents\\GitHub\\E-docs\\vendor\\composer\\ClassLoader.php(576): include('C:\\\\Users\\\\FAMILY...')
#3 C:\\Users\\FAMILY PC\\Documents\\GitHub\\E-docs\\vendor\\composer\\ClassLoader.php(427): Composer\\Autoload\\{closure}('C:\\\\Users\\\\FAMILY...')
#4 C:\\Users\\FAMILY PC\\Documents\\GitHub\\E-docs\\vendor\\laravel\\framework\\src\\Illuminate\\Http\\Request.php(23): Composer\\Autoload\\ClassLoader->loadClass('Symfony\\\\Compone...')
#5 C:\\Users\\FAMILY PC\\Documents\\GitHub\\E-docs\\vendor\\composer\\ClassLoader.php(576): include('C:\\\\Users\\\\FAMILY...')
#6 C:\\Users\\FAMILY PC\\Documents\\GitHub\\E-docs\\vendor\\composer\\ClassLoader.php(427): Composer\\Autoload\\{closure}('C:\\\\Users\\\\FAMILY...')
#7 C:\\Users\\FAMILY PC\\Documents\\GitHub\\E-docs\\vendor\\laravel\\framework\\src\\Illuminate\\Foundation\\Bootstrap\\SetRequestForConsole.php(31): Composer\\Autoload\\ClassLoader->loadClass('Illuminate\\\\Http...')
#8 C:\\Users\\FAMILY PC\\Documents\\GitHub\\E-docs\\vendor\\laravel\\framework\\src\\Illuminate\\Foundation\\Application.php(263): Illuminate\\Foundation\\Bootstrap\\SetRequestForConsole->bootstrap(Object(Illuminate\\Foundation\\Application))
#9 C:\\Users\\FAMILY PC\\Documents\\GitHub\\E-docs\\vendor\\laravel\\framework\\src\\Illuminate\\Foundation\\Console\\Kernel.php(447): Illuminate\\Foundation\\Application->bootstrapWith(Array)
#10 C:\\Users\\FAMILY PC\\Documents\\GitHub\\E-docs\\vendor\\laravel\\framework\\src\\Illuminate\\Foundation\\Console\\Kernel.php(199): Illuminate\\Foundation\\Console\\Kernel->bootstrap()
#11 Command line code(1): Illuminate\\Foundation\\Console\\Kernel->handle(Object(Symfony\\Component\\Console\\Input\\ArgvInput), Object(Symfony\\Component\\Console\\Output\\ConsoleOutput))
#12 {main}
"} 
[2024-11-14 22:38:27] local.ERROR: include(C:\Users\FAMILY PC\Documents\GitHub\E-docs\vendor\composer/../symfony/http-foundation/Request.php): Failed to open stream: No such file or directory {"exception":"[object] (ErrorException(code: 0): include(C:\\Users\\FAMILY PC\\Documents\\GitHub\\E-docs\\vendor\\composer/../symfony/http-foundation/Request.php): Failed to open stream: No such file or directory at C:\\Users\\FAMILY PC\\Documents\\GitHub\\E-docs\\vendor\\composer\\ClassLoader.php:576)
[stacktrace]
#0 C:\\Users\\FAMILY PC\\Documents\\GitHub\\E-docs\\vendor\\laravel\\framework\\src\\Illuminate\\Foundation\\Bootstrap\\HandleExceptions.php(255): Illuminate\\Foundation\\Bootstrap\\HandleExceptions->handleError(2, 'include(C:\\\\User...', 'C:\\\\Users\\\\FAMILY...', 576)
#1 C:\\Users\\FAMILY PC\\Documents\\GitHub\\E-docs\\vendor\\composer\\ClassLoader.php(576): Illuminate\\Foundation\\Bootstrap\\HandleExceptions->Illuminate\\Foundation\\Bootstrap\\{closure}(2, 'include(C:\\\\User...', 'C:\\\\Users\\\\FAMILY...', 576)
#2 C:\\Users\\FAMILY PC\\Documents\\GitHub\\E-docs\\vendor\\composer\\ClassLoader.php(576): include('C:\\\\Users\\\\FAMILY...')
#3 C:\\Users\\FAMILY PC\\Documents\\GitHub\\E-docs\\vendor\\composer\\ClassLoader.php(427): Composer\\Autoload\\{closure}('C:\\\\Users\\\\FAMILY...')
#4 C:\\Users\\FAMILY PC\\Documents\\GitHub\\E-docs\\vendor\\laravel\\framework\\src\\Illuminate\\Http\\Request.php(23): Composer\\Autoload\\ClassLoader->loadClass('Symfony\\\\Compone...')
#5 C:\\Users\\FAMILY PC\\Documents\\GitHub\\E-docs\\vendor\\composer\\ClassLoader.php(576): include('C:\\\\Users\\\\FAMILY...')
#6 C:\\Users\\FAMILY PC\\Documents\\GitHub\\E-docs\\vendor\\composer\\ClassLoader.php(427): Composer\\Autoload\\{closure}('C:\\\\Users\\\\FAMILY...')
#7 C:\\Users\\FAMILY PC\\Documents\\GitHub\\E-docs\\vendor\\laravel\\framework\\src\\Illuminate\\Foundation\\Bootstrap\\SetRequestForConsole.php(31): Composer\\Autoload\\ClassLoader->loadClass('Illuminate\\\\Http...')
#8 C:\\Users\\FAMILY PC\\Documents\\GitHub\\E-docs\\vendor\\laravel\\framework\\src\\Illuminate\\Foundation\\Application.php(263): Illuminate\\Foundation\\Bootstrap\\SetRequestForConsole->bootstrap(Object(Illuminate\\Foundation\\Application))
#9 C:\\Users\\FAMILY PC\\Documents\\GitHub\\E-docs\\vendor\\laravel\\framework\\src\\Illuminate\\Foundation\\Console\\Kernel.php(447): Illuminate\\Foundation\\Application->bootstrapWith(Array)
#10 C:\\Users\\FAMILY PC\\Documents\\GitHub\\E-docs\\vendor\\laravel\\framework\\src\\Illuminate\\Foundation\\Console\\Kernel.php(199): Illuminate\\Foundation\\Console\\Kernel->bootstrap()
#11 Command line code(1): Illuminate\\Foundation\\Console\\Kernel->handle(Object(Symfony\\Component\\Console\\Input\\ArgvInput), Object(Symfony\\Component\\Console\\Output\\ConsoleOutput))
#12 {main}
"} 
[2024-11-14 22:38:34] local.ERROR: include(C:\Users\FAMILY PC\Documents\GitHub\E-docs\vendor\composer/../symfony/error-handler/ErrorRenderer/FileLinkFormatter.php): Failed to open stream: No such file or directory {"exception":"[object] (ErrorException(code: 0): include(C:\\Users\\FAMILY PC\\Documents\\GitHub\\E-docs\\vendor\\composer/../symfony/error-handler/ErrorRenderer/FileLinkFormatter.php): Failed to open stream: No such file or directory at C:\\Users\\FAMILY PC\\Documents\\GitHub\\E-docs\\vendor\\composer\\ClassLoader.php:576)
[stacktrace]
#0 C:\\Users\\FAMILY PC\\Documents\\GitHub\\E-docs\\vendor\\laravel\\framework\\src\\Illuminate\\Foundation\\Bootstrap\\HandleExceptions.php(255): Illuminate\\Foundation\\Bootstrap\\HandleExceptions->handleError(2, 'include(C:\\\\User...', 'C:\\\\Users\\\\FAMILY...', 576)
#1 C:\\Users\\FAMILY PC\\Documents\\GitHub\\E-docs\\vendor\\composer\\ClassLoader.php(576): Illuminate\\Foundation\\Bootstrap\\HandleExceptions->Illuminate\\Foundation\\Bootstrap\\{closure}(2, 'include(C:\\\\User...', 'C:\\\\Users\\\\FAMILY...', 576)
#2 C:\\Users\\FAMILY PC\\Documents\\GitHub\\E-docs\\vendor\\composer\\ClassLoader.php(576): include('C:\\\\Users\\\\FAMILY...')
#3 C:\\Users\\FAMILY PC\\Documents\\GitHub\\E-docs\\vendor\\composer\\ClassLoader.php(427): Composer\\Autoload\\{closure}('C:\\\\Users\\\\FAMILY...')
#4 [internal function]: Composer\\Autoload\\ClassLoader->loadClass('Symfony\\\\Compone...')
#5 C:\\Users\\FAMILY PC\\Documents\\GitHub\\E-docs\\vendor\\symfony\\var-dumper\\Dumper\\CliDumper.php(86): class_exists('Symfony\\\\Compone...')
#6 C:\\Users\\FAMILY PC\\Documents\\GitHub\\E-docs\\vendor\\laravel\\framework\\src\\Illuminate\\Foundation\\Console\\CliDumper.php(55): Symfony\\Component\\VarDumper\\Dumper\\CliDumper->__construct()
#7 C:\\Users\\FAMILY PC\\Documents\\GitHub\\E-docs\\vendor\\laravel\\framework\\src\\Illuminate\\Foundation\\Console\\CliDumper.php(73): Illuminate\\Foundation\\Console\\CliDumper->__construct(Object(Symfony\\Component\\Console\\Output\\ConsoleOutput), 'C:\\\\Users\\\\FAMILY...', 'C:\\\\Users\\\\FAMILY...')
#8 C:\\Users\\FAMILY PC\\Documents\\GitHub\\E-docs\\vendor\\laravel\\framework\\src\\Illuminate\\Foundation\\Providers\\FoundationServiceProvider.php(103): Illuminate\\Foundation\\Console\\CliDumper::register('C:\\\\Users\\\\FAMILY...', 'C:\\\\Users\\\\FAMILY...')
#9 C:\\Users\\FAMILY PC\\Documents\\GitHub\\E-docs\\vendor\\laravel\\framework\\src\\Illuminate\\Foundation\\Providers\\FoundationServiceProvider.php(72): Illuminate\\Foundation\\Providers\\FoundationServiceProvider->registerDumper()
#10 C:\\Users\\FAMILY PC\\Documents\\GitHub\\E-docs\\vendor\\laravel\\framework\\src\\Illuminate\\Foundation\\Application.php(794): Illuminate\\Foundation\\Providers\\FoundationServiceProvider->register()
#11 C:\\Users\\FAMILY PC\\Documents\\GitHub\\E-docs\\vendor\\laravel\\framework\\src\\Illuminate\\Foundation\\ProviderRepository.php(75): Illuminate\\Foundation\\Application->register(Object(Illuminate\\Foundation\\Providers\\FoundationServiceProvider))
#12 C:\\Users\\FAMILY PC\\Documents\\GitHub\\E-docs\\vendor\\laravel\\framework\\src\\Illuminate\\Foundation\\Application.php(771): Illuminate\\Foundation\\ProviderRepository->load(Array)
#13 C:\\Users\\FAMILY PC\\Documents\\GitHub\\E-docs\\vendor\\laravel\\framework\\src\\Illuminate\\Foundation\\Bootstrap\\RegisterProviders.php(17): Illuminate\\Foundation\\Application->registerConfiguredProviders()
#14 C:\\Users\\FAMILY PC\\Documents\\GitHub\\E-docs\\vendor\\laravel\\framework\\src\\Illuminate\\Foundation\\Application.php(263): Illuminate\\Foundation\\Bootstrap\\RegisterProviders->bootstrap(Object(Illuminate\\Foundation\\Application))
#15 C:\\Users\\FAMILY PC\\Documents\\GitHub\\E-docs\\vendor\\laravel\\framework\\src\\Illuminate\\Foundation\\Console\\Kernel.php(447): Illuminate\\Foundation\\Application->bootstrapWith(Array)
#16 C:\\Users\\FAMILY PC\\Documents\\GitHub\\E-docs\\vendor\\laravel\\framework\\src\\Illuminate\\Foundation\\Console\\Kernel.php(199): Illuminate\\Foundation\\Console\\Kernel->bootstrap()
#17 Command line code(1): Illuminate\\Foundation\\Console\\Kernel->handle(Object(Symfony\\Component\\Console\\Input\\ArgvInput), Object(Symfony\\Component\\Console\\Output\\ConsoleOutput))
#18 {main}
"} 
[2024-11-14 22:39:54] local.ERROR: include(C:\Users\FAMILY PC\Documents\GitHub\E-docs\vendor\composer/../nunomaduro/collision/src/Adapters/Laravel/CollisionServiceProvider.php): Failed to open stream: No such file or directory {"exception":"[object] (ErrorException(code: 0): include(C:\\Users\\FAMILY PC\\Documents\\GitHub\\E-docs\\vendor\\composer/../nunomaduro/collision/src/Adapters/Laravel/CollisionServiceProvider.php): Failed to open stream: No such file or directory at C:\\Users\\FAMILY PC\\Documents\\GitHub\\E-docs\\vendor\\composer\\ClassLoader.php:576)
[stacktrace]
#0 C:\\Users\\FAMILY PC\\Documents\\GitHub\\E-docs\\vendor\\laravel\\framework\\src\\Illuminate\\Foundation\\Bootstrap\\HandleExceptions.php(255): Illuminate\\Foundation\\Bootstrap\\HandleExceptions->handleError(2, 'include(C:\\\\User...', 'C:\\\\Users\\\\FAMILY...', 576)
#1 C:\\Users\\FAMILY PC\\Documents\\GitHub\\E-docs\\vendor\\composer\\ClassLoader.php(576): Illuminate\\Foundation\\Bootstrap\\HandleExceptions->Illuminate\\Foundation\\Bootstrap\\{closure}(2, 'include(C:\\\\User...', 'C:\\\\Users\\\\FAMILY...', 576)
#2 C:\\Users\\FAMILY PC\\Documents\\GitHub\\E-docs\\vendor\\composer\\ClassLoader.php(576): include('C:\\\\Users\\\\FAMILY...')
#3 C:\\Users\\FAMILY PC\\Documents\\GitHub\\E-docs\\vendor\\composer\\ClassLoader.php(427): Composer\\Autoload\\{closure}('C:\\\\Users\\\\FAMILY...')
#4 C:\\Users\\FAMILY PC\\Documents\\GitHub\\E-docs\\vendor\\laravel\\framework\\src\\Illuminate\\Foundation\\Application.php(857): Composer\\Autoload\\ClassLoader->loadClass('NunoMaduro\\\\Coll...')
#5 C:\\Users\\FAMILY PC\\Documents\\GitHub\\E-docs\\vendor\\laravel\\framework\\src\\Illuminate\\Foundation\\Application.php(791): Illuminate\\Foundation\\Application->resolveProvider('NunoMaduro\\\\Coll...')
#6 C:\\Users\\FAMILY PC\\Documents\\GitHub\\E-docs\\vendor\\laravel\\framework\\src\\Illuminate\\Foundation\\ProviderRepository.php(75): Illuminate\\Foundation\\Application->register('NunoMaduro\\\\Coll...')
#7 C:\\Users\\FAMILY PC\\Documents\\GitHub\\E-docs\\vendor\\laravel\\framework\\src\\Illuminate\\Foundation\\Application.php(771): Illuminate\\Foundation\\ProviderRepository->load(Array)
#8 C:\\Users\\FAMILY PC\\Documents\\GitHub\\E-docs\\vendor\\laravel\\framework\\src\\Illuminate\\Foundation\\Bootstrap\\RegisterProviders.php(17): Illuminate\\Foundation\\Application->registerConfiguredProviders()
#9 C:\\Users\\FAMILY PC\\Documents\\GitHub\\E-docs\\vendor\\laravel\\framework\\src\\Illuminate\\Foundation\\Application.php(263): Illuminate\\Foundation\\Bootstrap\\RegisterProviders->bootstrap(Object(Illuminate\\Foundation\\Application))
#10 C:\\Users\\FAMILY PC\\Documents\\GitHub\\E-docs\\vendor\\laravel\\framework\\src\\Illuminate\\Foundation\\Console\\Kernel.php(447): Illuminate\\Foundation\\Application->bootstrapWith(Array)
#11 C:\\Users\\FAMILY PC\\Documents\\GitHub\\E-docs\\vendor\\laravel\\framework\\src\\Illuminate\\Foundation\\Console\\Kernel.php(199): Illuminate\\Foundation\\Console\\Kernel->bootstrap()
#12 Command line code(1): Illuminate\\Foundation\\Console\\Kernel->handle(Object(Symfony\\Component\\Console\\Input\\ArgvInput), Object(Symfony\\Component\\Console\\Output\\ConsoleOutput))
#13 {main}
"} 
[2024-11-14 22:39:57] local.ERROR: Uncaught ErrorException: include(C:\Users\FAMILY PC\Documents\GitHub\E-docs\vendor\composer/../laravel/framework/src/Illuminate/Contracts/View/Factory.php): Failed to open stream: No such file or directory in C:\Users\FAMILY PC\Documents\GitHub\E-docs\vendor\composer\ClassLoader.php:576
Stack trace:
#0 C:\Users\FAMILY PC\Documents\GitHub\E-docs\vendor\laravel\framework\src\Illuminate\Foundation\Bootstrap\HandleExceptions.php(255): Illuminate\Foundation\Bootstrap\HandleExceptions->handleError(2, 'include(C:\\User...', 'C:\\Users\\FAMILY...', 576)
#1 C:\Users\FAMILY PC\Documents\GitHub\E-docs\vendor\composer\ClassLoader.php(576): Illuminate\Foundation\Bootstrap\HandleExceptions->Illuminate\Foundation\Bootstrap\{closure}(2, 'include(C:\\User...', 'C:\\Users\\FAMILY...', 576)
#2 C:\Users\FAMILY PC\Documents\GitHub\E-docs\vendor\composer\ClassLoader.php(576): include('C:\\Users\\FAMILY...')
#3 C:\Users\FAMILY PC\Documents\GitHub\E-docs\vendor\composer\ClassLoader.php(427): Composer\Autoload\{closure}('C:\\Users\\FAMILY...')
#4 C:\Users\FAMILY PC\Documents\GitHub\E-docs\vendor\laravel\framework\src\Illuminate\View\Factory.php(14): Composer\Autoload\ClassLoader->loadClass('Illuminate\\Cont...')
#5 C:\Users\FAMILY PC\Documents\GitHub\E-docs\vendor\composer\ClassLoader.php(576): include('C:\\Users\\FAMILY...')
#6 C:\Users\FAMILY PC\Documents\GitHub\E-docs\vendor\composer\ClassLoader.php(427): Composer\Autoload\{closure}('C:\\Users\\FAMILY...')
#7 C:\Users\FAMILY PC\Documents\GitHub\E-docs\vendor\laravel\framework\src\Illuminate\View\ViewServiceProvider.php(74): Composer\Autoload\ClassLoader->loadClass('Illuminate\\View...')
#8 C:\Users\FAMILY PC\Documents\GitHub\E-docs\vendor\laravel\framework\src\Illuminate\View\ViewServiceProvider.php(47): Illuminate\View\ViewServiceProvider->createFactory(Object(Illuminate\View\Engines\EngineResolver), Object(Illuminate\View\FileViewFinder), Object(Illuminate\Events\Dispatcher))
#9 C:\Users\FAMILY PC\Documents\GitHub\E-docs\vendor\laravel\framework\src\Illuminate\Container\Container.php(908): Illuminate\View\ViewServiceProvider->Illuminate\View\{closure}(Object(Illuminate\Foundation\Application), Array)
#10 C:\Users\FAMILY PC\Documents\GitHub\E-docs\vendor\laravel\framework\src\Illuminate\Container\Container.php(795): Illuminate\Container\Container->build(Object(Closure))
#11 C:\Users\FAMILY PC\Documents\GitHub\E-docs\vendor\laravel\framework\src\Illuminate\Foundation\Application.php(963): Illuminate\Container\Container->resolve('view', Array, true)
#12 C:\Users\FAMILY PC\Documents\GitHub\E-docs\vendor\laravel\framework\src\Illuminate\Container\Container.php(731): Illuminate\Foundation\Application->resolve('view', Array)
#13 C:\Users\FAMILY PC\Documents\GitHub\E-docs\vendor\laravel\framework\src\Illuminate\Foundation\Application.php(948): Illuminate\Container\Container->make('view', Array)
#14 C:\Users\FAMILY PC\Documents\GitHub\E-docs\vendor\laravel\framework\src\Illuminate\Foundation\helpers.php(120): Illuminate\Foundation\Application->make('view', Array)
#15 Command line code(1): app('view')
#16 {main}
  thrown {"exception":"[object] (Symfony\\Component\\ErrorHandler\\Error\\FatalError(code: 0): Uncaught ErrorException: include(C:\\Users\\FAMILY PC\\Documents\\GitHub\\E-docs\\vendor\\composer/../laravel/framework/src/Illuminate/Contracts/View/Factory.php): Failed to open stream: No such file or directory in C:\\Users\\FAMILY PC\\Documents\\GitHub\\E-docs\\vendor\\composer\\ClassLoader.php:576
Stack trace:
#0 C:\\Users\\FAMILY PC\\Documents\\GitHub\\E-docs\\vendor\\laravel\\framework\\src\\Illuminate\\Foundation\\Bootstrap\\HandleExceptions.php(255): Illuminate\\Foundation\\Bootstrap\\HandleExceptions->handleError(2, 'include(C:\\\\User...', 'C:\\\\Users\\\\FAMILY...', 576)
#1 C:\\Users\\FAMILY PC\\Documents\\GitHub\\E-docs\\vendor\\composer\\ClassLoader.php(576): Illuminate\\Foundation\\Bootstrap\\HandleExceptions->Illuminate\\Foundation\\Bootstrap\\{closure}(2, 'include(C:\\\\User...', 'C:\\\\Users\\\\FAMILY...', 576)
#2 C:\\Users\\FAMILY PC\\Documents\\GitHub\\E-docs\\vendor\\composer\\ClassLoader.php(576): include('C:\\\\Users\\\\FAMILY...')
#3 C:\\Users\\FAMILY PC\\Documents\\GitHub\\E-docs\\vendor\\composer\\ClassLoader.php(427): Composer\\Autoload\\{closure}('C:\\\\Users\\\\FAMILY...')
#4 C:\\Users\\FAMILY PC\\Documents\\GitHub\\E-docs\\vendor\\laravel\\framework\\src\\Illuminate\\View\\Factory.php(14): Composer\\Autoload\\ClassLoader->loadClass('Illuminate\\\\Cont...')
#5 C:\\Users\\FAMILY PC\\Documents\\GitHub\\E-docs\\vendor\\composer\\ClassLoader.php(576): include('C:\\\\Users\\\\FAMILY...')
#6 C:\\Users\\FAMILY PC\\Documents\\GitHub\\E-docs\\vendor\\composer\\ClassLoader.php(427): Composer\\Autoload\\{closure}('C:\\\\Users\\\\FAMILY...')
#7 C:\\Users\\FAMILY PC\\Documents\\GitHub\\E-docs\\vendor\\laravel\\framework\\src\\Illuminate\\View\\ViewServiceProvider.php(74): Composer\\Autoload\\ClassLoader->loadClass('Illuminate\\\\View...')
#8 C:\\Users\\FAMILY PC\\Documents\\GitHub\\E-docs\\vendor\\laravel\\framework\\src\\Illuminate\\View\\ViewServiceProvider.php(47): Illuminate\\View\\ViewServiceProvider->createFactory(Object(Illuminate\\View\\Engines\\EngineResolver), Object(Illuminate\\View\\FileViewFinder), Object(Illuminate\\Events\\Dispatcher))
#9 C:\\Users\\FAMILY PC\\Documents\\GitHub\\E-docs\\vendor\\laravel\\framework\\src\\Illuminate\\Container\\Container.php(908): Illuminate\\View\\ViewServiceProvider->Illuminate\\View\\{closure}(Object(Illuminate\\Foundation\\Application), Array)
#10 C:\\Users\\FAMILY PC\\Documents\\GitHub\\E-docs\\vendor\\laravel\\framework\\src\\Illuminate\\Container\\Container.php(795): Illuminate\\Container\\Container->build(Object(Closure))
#11 C:\\Users\\FAMILY PC\\Documents\\GitHub\\E-docs\\vendor\\laravel\\framework\\src\\Illuminate\\Foundation\\Application.php(963): Illuminate\\Container\\Container->resolve('view', Array, true)
#12 C:\\Users\\FAMILY PC\\Documents\\GitHub\\E-docs\\vendor\\laravel\\framework\\src\\Illuminate\\Container\\Container.php(731): Illuminate\\Foundation\\Application->resolve('view', Array)
#13 C:\\Users\\FAMILY PC\\Documents\\GitHub\\E-docs\\vendor\\laravel\\framework\\src\\Illuminate\\Foundation\\Application.php(948): Illuminate\\Container\\Container->make('view', Array)
#14 C:\\Users\\FAMILY PC\\Documents\\GitHub\\E-docs\\vendor\\laravel\\framework\\src\\Illuminate\\Foundation\\helpers.php(120): Illuminate\\Foundation\\Application->make('view', Array)
#15 Command line code(1): app('view')
#16 {main}
  thrown at C:\\Users\\FAMILY PC\\Documents\\GitHub\\E-docs\\vendor\\composer\\ClassLoader.php:576)
[stacktrace]
#0 {main}
"} 
